<?xml version="1.0" encoding="UTF-8"?>
<!-- Generated by org.testng.reporters.JUnitReportReporter -->
<testsuite hostname="REMIDW-TEOUQMID" failures="0" tests="4" name="testclasses.SpiritsTest" time="7.711" errors="0" timestamp="2023-05-17T12:43:01 IST" skipped="0">
  <testcase classname="testclasses.SpiritsTest" name="selectProduct" time="1.647"/>
  <system-out/>
  <testcase classname="testclasses.SpiritsTest" name="sortByHighPrice" time="3.012"/>
  <system-out/>
  <testcase classname="testclasses.SpiritsTest" name="sortByAlphabet" time="3.023"/>
  <system-out/>
  <testcase classname="testclasses.SpiritsTest" name="verifyUrlOfPage" time="0.029"/>
  <system-out/>
</testsuite> <!-- testclasses.SpiritsTest -->
