<?xml version="1.0" encoding="UTF-8"?>
<!-- Generated by org.testng.reporters.JUnitReportReporter -->
<testsuite hostname="REMIDW-TEOUQMID" failures="0" tests="2" name="testclasses.SearchTest" time="1.206" errors="0" timestamp="2023-05-11T11:59:24 IST" skipped="0">
  <testcase classname="testclasses.SearchTest" name="searchProduct" time="1.107"/>
  <system-out/>
  <testcase classname="testclasses.SearchTest" name="verifyTitle" time="0.099"/>
  <system-out/>
</testsuite> <!-- testclasses.SearchTest -->
