<?xml version="1.0" encoding="UTF-8"?>
<!-- Generated by org.testng.reporters.JUnitReportReporter -->
<testsuite hostname="REMIDW-TEOUQMID" failures="0" tests="3" name="testclasses.SpiritsTest" time="10.793" errors="0" timestamp="2023-05-11T11:59:24 IST" skipped="0">
  <testcase classname="testclasses.SpiritsTest" name="selectProduct" time="2.965"/>
  <system-out/>
  <testcase classname="testclasses.SpiritsTest" name="sortByHighPrice" time="4.244"/>
  <system-out/>
  <testcase classname="testclasses.SpiritsTest" name="sortByAlphabet" time="3.584"/>
  <system-out/>
</testsuite> <!-- testclasses.SpiritsTest -->
