<?xml version="1.0" encoding="UTF-8"?>
<!-- Generated by org.testng.reporters.JUnitReportReporter -->
<testsuite hostname="REMIDW-TEOUQMID" failures="0" tests="3" name="testclasses.AddToCartTest" time="4.540" errors="0" timestamp="2023-05-11T11:59:24 IST" skipped="0">
  <testcase classname="testclasses.AddToCartTest" name="selectItem" time="1.384"/>
  <system-out/>
  <testcase classname="testclasses.AddToCartTest" name="verifyAddToCart" time="1.052"/>
  <system-out/>
  <testcase classname="testclasses.AddToCartTest" name="searchOnCartPage" time="2.104"/>
  <system-out/>
</testsuite> <!-- testclasses.AddToCartTest -->
